<?xml version="1.0" encoding="UTF-8"?>
<!-- Generated by org.testng.reporters.JUnitXMLReporter -->
<testsuite ignored="0" hostname="LTIN315324" failures="0" tests="6" name="Default test" time="21.205" errors="0" timestamp="2025-02-26T13:46:52 IST">
  <testcase classname="datadriven_FW.DDFM_2" name="loginpage" time="0.325"/>
  <testcase classname="datadriven_FW.DDFM_2" name="loginpage" time="1.599"/>
  <testcase classname="datadriven_FW.DDFM_2" name="loginpage" time="2.518"/>
  <testcase classname="datadriven_FW.DDFM_2" name="loginpage" time="1.559"/>
  <testcase classname="datadriven_FW.DDFM_2" name="loginpage" time="1.66"/>
  <testcase classname="datadriven_FW.DDFM_2" name="loginpage" time="1.754"/>
</testsuite> <!-- Default test -->
