<?xml version="1.0" encoding="UTF-8"?>
<!-- Generated by org.testng.reporters.JUnitXMLReporter -->
<testsuite hostname="LTIN315324" failures="0" tests="12" name="Test" time="7.21" errors="0" timestamp="4 Nov 2024 13:37:30 GMT">
  <testcase classname="TestNG.Sample_TestNG_01" name="firstcase" time="0.008"/>
  <testcase classname="TestNG.Sample_TestNG_01" name="secondcase" time="0.002"/>
  <testcase classname="TestNG.Before_After_TestNG_03" name="Flipkart" time="3.858"/>
  <testcase classname="TestNG.Before_After_TestNG_03" name="Code_Let" time="1.26"/>
  <testcase classname="TestNG.Before_After_TestNG_03" name="Leafground" time="2.036"/>
  <testcase classname="TestNG.Despendson_TestNG_02" name="calc" time="0.001"/>
  <testcase classname="TestNG.Sample_TestNG_01" name="thirdcase" time="0.001"/>
  <testcase classname="TestNG.Sample_TestNG_01" name="fourthcase" time="0.001"/>
  <testcase classname="TestNG.Despendson_TestNG_02" name="firstcase" time="0.002"/>
  <testcase classname="TestNG.Despendson_TestNG_02" name="secondcase" time="0.001"/>
  <testcase classname="TestNG.Despendson_TestNG_02" name="thirdcase" time="0.001"/>
  <testcase classname="TestNG.Despendson_TestNG_02" name="fourthcase" time="0.001"/>
</testsuite> <!-- Test -->
