<?xml version="1.0" encoding="UTF-8"?>
<!-- Generated by org.testng.reporters.JUnitXMLReporter -->
<testsuite hostname="LTIN315324" failures="0" tests="6" name="TestR" time="0.029" errors="0" timestamp="25 Feb 2025 08:50:37 GMT">
  <testcase classname="TestNG.Rough_work" name="Cat" time="0.005"/>
  <testcase classname="TestNG.Rough_work" name="Apple" time="0.001"/>
  <testcase classname="TestNG.Rough_work" name="Ball" time="0.001"/>
  <testcase classname="TestNG.Rough_work" name="Cat1" time="0.001"/>
  <testcase classname="TestNG.Rough_work" name="Apple1" time="0.001"/>
  <testcase classname="TestNG.Rough_work" name="Ball1" time="0.001"/>
</testsuite> <!-- TestR -->
