<?xml version="1.0" encoding="UTF-8"?>
<testng-results total="1" passed="1" failed="0" skipped="0">
  <reporter-output>
  </reporter-output>
  <suite started-at="2025-05-10T04:01:36Z" name="Default suite" finished-at="2025-05-10T04:01:36Z" duration-ms="33">
    <groups>
    </groups>
    <test started-at="2025-05-10T04:01:36Z" name="Default test" finished-at="2025-05-10T04:01:36Z" duration-ms="33">
      <class name="Dummy_practice.String_pper_lower_01">
        <test-method signature="multi_primenum()[pri:0, instance:Dummy_practice.String_pper_lower_01@1bd39d3c]" started-at="2025-05-10T09:31:36Z" name="multi_primenum" finished-at="2025-05-10T09:31:36Z" duration-ms="16" status="PASS">
          <reporter-output>
          </reporter-output>
        </test-method> <!-- multi_primenum -->
      </class> <!-- Dummy_practice.String_pper_lower_01 -->
    </test> <!-- Default test -->
  </suite> <!-- Default suite -->
</testng-results>
