<?xml version="1.0" encoding="UTF-8"?>
<testng-results ignored="0" total="6" passed="6" failed="0" skipped="0">
  <reporter-output>
  </reporter-output>
  <suite started-at="2025-02-26T13:46:30 IST" name="Default suite" finished-at="2025-02-26T13:46:52 IST" duration-ms="21205">
    <groups>
    </groups>
    <test started-at="2025-02-26T13:46:30 IST" name="Default test" finished-at="2025-02-26T13:46:52 IST" duration-ms="21205">
      <class name="datadriven_FW.DDFM_2">
        <test-method is-config="true" signature="beforetest()[pri:0, instance:datadriven_FW.DDFM_2@43015c69]" started-at="2025-02-26T13:46:30 IST" name="beforetest" finished-at="2025-02-26T13:46:41 IST" duration-ms="10696" status="PASS">
          <reporter-output>
          </reporter-output>
        </test-method> <!-- beforetest -->
        <test-method signature="loginpage(java.lang.String,java.lang.String)[pri:0, instance:datadriven_FW.DDFM_2@43015c69]" started-at="2025-02-26T13:46:42 IST" name="loginpage" data-provider="datastore" finished-at="2025-02-26T13:46:42 IST" duration-ms="325" status="PASS">
          <params>
            <param index="0">
              <value>
                <![CDATA[Vasanth@gmail.com]]>
              </value>
            </param>
            <param index="1">
              <value>
                <![CDATA[passone12]]>
              </value>
            </param>
          </params>
          <reporter-output>
          </reporter-output>
        </test-method> <!-- loginpage -->
        <test-method signature="loginpage(java.lang.String,java.lang.String)[pri:0, instance:datadriven_FW.DDFM_2@43015c69]" started-at="2025-02-26T13:46:42 IST" name="loginpage" data-provider="datastore" finished-at="2025-02-26T13:46:44 IST" duration-ms="1599" status="PASS">
          <params>
            <param index="0">
              <value>
                <![CDATA[Gopika@gmail.com]]>
              </value>
            </param>
            <param index="1">
              <value>
                <![CDATA[passtwo34]]>
              </value>
            </param>
          </params>
          <reporter-output>
          </reporter-output>
        </test-method> <!-- loginpage -->
        <test-method signature="loginpage(java.lang.String,java.lang.String)[pri:0, instance:datadriven_FW.DDFM_2@43015c69]" started-at="2025-02-26T13:46:44 IST" name="loginpage" data-provider="datastore" finished-at="2025-02-26T13:46:46 IST" duration-ms="2518" status="PASS">
          <params>
            <param index="0">
              <value>
                <![CDATA[Vasanth@gmail.com]]>
              </value>
            </param>
            <param index="1">
              <value>
                <![CDATA[passone56]]>
              </value>
            </param>
          </params>
          <reporter-output>
          </reporter-output>
        </test-method> <!-- loginpage -->
        <test-method signature="loginpage(java.lang.String,java.lang.String)[pri:0, instance:datadriven_FW.DDFM_2@43015c69]" started-at="2025-02-26T13:46:46 IST" name="loginpage" data-provider="datastore" finished-at="2025-02-26T13:46:48 IST" duration-ms="1559" status="PASS">
          <params>
            <param index="0">
              <value>
                <![CDATA[Gopika@gmail.com]]>
              </value>
            </param>
            <param index="1">
              <value>
                <![CDATA[passtwo78]]>
              </value>
            </param>
          </params>
          <reporter-output>
          </reporter-output>
        </test-method> <!-- loginpage -->
        <test-method signature="loginpage(java.lang.String,java.lang.String)[pri:0, instance:datadriven_FW.DDFM_2@43015c69]" started-at="2025-02-26T13:46:48 IST" name="loginpage" data-provider="datastore" finished-at="2025-02-26T13:46:49 IST" duration-ms="1660" status="PASS">
          <params>
            <param index="0">
              <value>
                <![CDATA[Vasanth@gmail.com]]>
              </value>
            </param>
            <param index="1">
              <value>
                <![CDATA[passone90]]>
              </value>
            </param>
          </params>
          <reporter-output>
          </reporter-output>
        </test-method> <!-- loginpage -->
        <test-method signature="loginpage(java.lang.String,java.lang.String)[pri:0, instance:datadriven_FW.DDFM_2@43015c69]" started-at="2025-02-26T13:46:49 IST" name="loginpage" data-provider="datastore" finished-at="2025-02-26T13:46:51 IST" duration-ms="1754" status="PASS">
          <params>
            <param index="0">
              <value>
                <![CDATA[Gopika@gmail.com]]>
              </value>
            </param>
            <param index="1">
              <value>
                <![CDATA[passtwo11]]>
              </value>
            </param>
          </params>
          <reporter-output>
          </reporter-output>
        </test-method> <!-- loginpage -->
        <test-method is-config="true" signature="Aftertest()[pri:0, instance:datadriven_FW.DDFM_2@43015c69]" started-at="2025-02-26T13:46:51 IST" name="Aftertest" finished-at="2025-02-26T13:46:52 IST" duration-ms="283" status="PASS">
          <reporter-output>
          </reporter-output>
        </test-method> <!-- Aftertest -->
      </class> <!-- datadriven_FW.DDFM_2 -->
    </test> <!-- Default test -->
  </suite> <!-- Default suite -->
</testng-results>
